[05-Jul-2022 16:03:44 UTC] PHP Notice:  Undefined variable: b in /Users/jgilfillan/Dropbox2/Dropbox/Georgian/COMP1006/summer_2022/02-course_content/code_files/code_solutions/week_eight/tuneshare/test.php on line 5
There was an error connecting to the database. Error Message: SQLSTATE[HY000] [1045] Access denied for user 'root'@'localhost' (using password: YES).[05-Jul-2022 16:20:48 UTC] PHP Notice:  Array to string conversion in /Users/jgilfillan/Dropbox2/Dropbox/Georgian/COMP1006/summer_2022/02-course_content/code_files/code_solutions/week_eight/tuneshare/connect.php on line 40
There was an error connecting to the database. The error isSQLSTATE[HY000] [1045] Access denied for user 'rot'@'localhost' (using password: YES)It occured in /Users/jgilfillan/Dropbox2/Dropbox/Georgian/COMP1006/summer_2022/02-course_content/code_files/code_solutions/week_eight/tuneshare/connect.phpon line 28. Stack Trace : Array.[05-Jul-2022 16:20:48 UTC] PHP Notice:  Undefined variable: db in /Users/jgilfillan/Dropbox2/Dropbox/Georgian/COMP1006/summer_2022/02-course_content/code_files/code_solutions/week_eight/tuneshare/playlist.php on line 20
[05-Jul-2022 16:20:48 UTC] PHP Notice:  Undefined variable: statement in /Users/jgilfillan/Dropbox2/Dropbox/Georgian/COMP1006/summer_2022/02-course_content/code_files/code_solutions/week_eight/tuneshare/playlist.php on line 44
[05-Jul-2022 16:20:48 UTC] PHP Fatal error:  Uncaught Error: Call to a member function prepare() on null in /Users/jgilfillan/Dropbox2/Dropbox/Georgian/COMP1006/summer_2022/02-course_content/code_files/code_solutions/week_eight/tuneshare/playlist.php:20
Stack trace:
#0 {main}

Next Error: Call to a member function closeCursor() on null in /Users/jgilfillan/Dropbox2/Dropbox/Georgian/COMP1006/summer_2022/02-course_content/code_files/code_solutions/week_eight/tuneshare/playlist.php:44
Stack trace:
#0 {main}
  thrown in /Users/jgilfillan/Dropbox2/Dropbox/Georgian/COMP1006/summer_2022/02-course_content/code_files/code_solutions/week_eight/tuneshare/playlist.php on line 44
[05-Jul-2022 16:23:06 UTC] PHP Notice:  Array to string conversion in /Users/jgilfillan/Dropbox2/Dropbox/Georgian/COMP1006/summer_2022/02-course_content/code_files/code_solutions/week_eight/tuneshare/connect.php on line 40
[05-Jul-2022 16:23:07 UTC] PHP Notice:  Undefined variable: db in /Users/jgilfillan/Dropbox2/Dropbox/Georgian/COMP1006/summer_2022/02-course_content/code_files/code_solutions/week_eight/tuneshare/playlist.php on line 20
[05-Jul-2022 16:23:07 UTC] PHP Notice:  Undefined variable: statement in /Users/jgilfillan/Dropbox2/Dropbox/Georgian/COMP1006/summer_2022/02-course_content/code_files/code_solutions/week_eight/tuneshare/playlist.php on line 44
[05-Jul-2022 16:23:07 UTC] PHP Fatal error:  Uncaught Error: Call to a member function prepare() on null in /Users/jgilfillan/Dropbox2/Dropbox/Georgian/COMP1006/summer_2022/02-course_content/code_files/code_solutions/week_eight/tuneshare/playlist.php:20
Stack trace:
#0 {main}

Next Error: Call to a member function closeCursor() on null in /Users/jgilfillan/Dropbox2/Dropbox/Georgian/COMP1006/summer_2022/02-course_content/code_files/code_solutions/week_eight/tuneshare/playlist.php:44
Stack trace:
#0 {main}
  thrown in /Users/jgilfillan/Dropbox2/Dropbox/Georgian/COMP1006/summer_2022/02-course_content/code_files/code_solutions/week_eight/tuneshare/playlist.php on line 44
[05-Jul-2022 16:23:50 UTC] PHP Notice:  Array to string conversion in /Users/jgilfillan/Dropbox2/Dropbox/Georgian/COMP1006/summer_2022/02-course_content/code_files/code_solutions/week_eight/tuneshare/connect.php on line 40
[05-Jul-2022 16:23:50 UTC] PHP Notice:  Undefined variable: db in /Users/jgilfillan/Dropbox2/Dropbox/Georgian/COMP1006/summer_2022/02-course_content/code_files/code_solutions/week_eight/tuneshare/playlist.php on line 20
[05-Jul-2022 16:23:50 UTC] PHP Notice:  Undefined variable: statement in /Users/jgilfillan/Dropbox2/Dropbox/Georgian/COMP1006/summer_2022/02-course_content/code_files/code_solutions/week_eight/tuneshare/playlist.php on line 44
[05-Jul-2022 16:23:50 UTC] PHP Fatal error:  Uncaught Error: Call to a member function prepare() on null in /Users/jgilfillan/Dropbox2/Dropbox/Georgian/COMP1006/summer_2022/02-course_content/code_files/code_solutions/week_eight/tuneshare/playlist.php:20
Stack trace:
#0 {main}

Next Error: Call to a member function closeCursor() on null in /Users/jgilfillan/Dropbox2/Dropbox/Georgian/COMP1006/summer_2022/02-course_content/code_files/code_solutions/week_eight/tuneshare/playlist.php:44
Stack trace:
#0 {main}
  thrown in /Users/jgilfillan/Dropbox2/Dropbox/Georgian/COMP1006/summer_2022/02-course_content/code_files/code_solutions/week_eight/tuneshare/playlist.php on line 44
There was an error connecting to the database. The error isSQLSTATE[HY000] [1045] Access denied for user 'rot'@'localhost' (using password: YES)It occured in /Users/jgilfillan/Dropbox2/Dropbox/Georgian/COMP1006/summer_2022/02-course_content/code_files/code_solutions/week_eight/tuneshare/connect.phpon line 28.[06-Jul-2022 14:50:26 UTC] PHP Notice:  Undefined variable: db in /Users/jgilfillan/Dropbox2/Dropbox/Georgian/COMP1006/summer_2022/02-course_content/code_files/code_solutions/week_eight/tuneshare/playlist.php on line 20
[06-Jul-2022 14:50:26 UTC] PHP Notice:  Undefined variable: statement in /Users/jgilfillan/Dropbox2/Dropbox/Georgian/COMP1006/summer_2022/02-course_content/code_files/code_solutions/week_eight/tuneshare/playlist.php on line 44
[06-Jul-2022 14:50:26 UTC] PHP Fatal error:  Uncaught Error: Call to a member function prepare() on null in /Users/jgilfillan/Dropbox2/Dropbox/Georgian/COMP1006/summer_2022/02-course_content/code_files/code_solutions/week_eight/tuneshare/playlist.php:20
Stack trace:
#0 {main}

Next Error: Call to a member function closeCursor() on null in /Users/jgilfillan/Dropbox2/Dropbox/Georgian/COMP1006/summer_2022/02-course_content/code_files/code_solutions/week_eight/tuneshare/playlist.php:44
Stack trace:
#0 {main}
  thrown in /Users/jgilfillan/Dropbox2/Dropbox/Georgian/COMP1006/summer_2022/02-course_content/code_files/code_solutions/week_eight/tuneshare/playlist.php on line 44
There was an error connecting to the database. The error isSQLSTATE[HY000] [2002] Operation timed outIt occured in /Users/jgilfillan/Dropbox2/Dropbox/Georgian/COMP1006/summer_2022/02-course_content/code_files/code_solutions/week_eleven/tuneshare/connect.phpon line 11.[24-Jul-2022 18:59:22 UTC] PHP Notice:  Undefined variable: db in /Users/jgilfillan/Dropbox2/Dropbox/Georgian/COMP1006/summer_2022/02-course_content/code_files/code_solutions/week_eleven/tuneshare/submit.php on line 117
[24-Jul-2022 18:59:22 UTC] PHP Notice:  Undefined variable: statement in /Users/jgilfillan/Dropbox2/Dropbox/Georgian/COMP1006/summer_2022/02-course_content/code_files/code_solutions/week_eleven/tuneshare/submit.php on line 148
[24-Jul-2022 18:59:22 UTC] PHP Fatal error:  Uncaught Error: Call to a member function prepare() on null in /Users/jgilfillan/Dropbox2/Dropbox/Georgian/COMP1006/summer_2022/02-course_content/code_files/code_solutions/week_eleven/tuneshare/submit.php:117
Stack trace:
#0 {main}

Next Error: Call to a member function closeCursor() on null in /Users/jgilfillan/Dropbox2/Dropbox/Georgian/COMP1006/summer_2022/02-course_content/code_files/code_solutions/week_eleven/tuneshare/submit.php:148
Stack trace:
#0 {main}
  thrown in /Users/jgilfillan/Dropbox2/Dropbox/Georgian/COMP1006/summer_2022/02-course_content/code_files/code_solutions/week_eleven/tuneshare/submit.php on line 148
[24-Jul-2022 19:01:11 UTC] PHP Notice:  Undefined variable: msg in /Users/jgilfillan/Dropbox2/Dropbox/Georgian/COMP1006/summer_2022/02-course_content/code_files/code_solutions/week_eleven/tuneshare/submit.php on line 144
SQLSTATE[HY093]: Invalid parameter number: number of bound variables does not match number of tokens[24-Jul-2022 19:04:18 UTC] PHP Notice:  Undefined index: first_name in /Users/jgilfillan/Dropbox2/Dropbox/Georgian/COMP1006/summer_2022/02-course_content/code_files/code_solutions/week_eleven/tuneshare/playlist.php on line 30
[24-Jul-2022 19:04:18 UTC] PHP Notice:  Undefined index: last_name in /Users/jgilfillan/Dropbox2/Dropbox/Georgian/COMP1006/summer_2022/02-course_content/code_files/code_solutions/week_eleven/tuneshare/playlist.php on line 30
[24-Jul-2022 19:04:18 UTC] PHP Notice:  Undefined index: location in /Users/jgilfillan/Dropbox2/Dropbox/Georgian/COMP1006/summer_2022/02-course_content/code_files/code_solutions/week_eleven/tuneshare/playlist.php on line 30
[24-Jul-2022 19:04:18 UTC] PHP Notice:  Undefined index: user_id in /Users/jgilfillan/Dropbox2/Dropbox/Georgian/COMP1006/summer_2022/02-course_content/code_files/code_solutions/week_eleven/tuneshare/playlist.php on line 30
[24-Jul-2022 19:04:18 UTC] PHP Notice:  Undefined index: user_id in /Users/jgilfillan/Dropbox2/Dropbox/Georgian/COMP1006/summer_2022/02-course_content/code_files/code_solutions/week_eleven/tuneshare/playlist.php on line 32
[24-Jul-2022 19:04:18 UTC] PHP Notice:  Undefined index: first_name in /Users/jgilfillan/Dropbox2/Dropbox/Georgian/COMP1006/summer_2022/02-course_content/code_files/code_solutions/week_eleven/tuneshare/playlist.php on line 30
[24-Jul-2022 19:04:18 UTC] PHP Notice:  Undefined index: last_name in /Users/jgilfillan/Dropbox2/Dropbox/Georgian/COMP1006/summer_2022/02-course_content/code_files/code_solutions/week_eleven/tuneshare/playlist.php on line 30
[24-Jul-2022 19:04:18 UTC] PHP Notice:  Undefined index: location in /Users/jgilfillan/Dropbox2/Dropbox/Georgian/COMP1006/summer_2022/02-course_content/code_files/code_solutions/week_eleven/tuneshare/playlist.php on line 30
[24-Jul-2022 19:04:18 UTC] PHP Notice:  Undefined index: user_id in /Users/jgilfillan/Dropbox2/Dropbox/Georgian/COMP1006/summer_2022/02-course_content/code_files/code_solutions/week_eleven/tuneshare/playlist.php on line 30
[24-Jul-2022 19:04:18 UTC] PHP Notice:  Undefined index: user_id in /Users/jgilfillan/Dropbox2/Dropbox/Georgian/COMP1006/summer_2022/02-course_content/code_files/code_solutions/week_eleven/tuneshare/playlist.php on line 32
There was an error when user attempted to delete a record. Error Message: SQLSTATE[42S02]: Base table or view not found: 1146 Table 'comp1006_summer2022.song' doesn't exist.[26-Jul-2022 17:57:52 UTC] PHP Notice:  Undefined variable: userid in /Users/jgilfillan/Dropbox2/Dropbox/Georgian/COMP1006/summer_2022/02-course_content/code_files/code_solutions/week_eleven/tuneshare/register.php on line 111
[26-Jul-2022 17:57:52 UTC] PHP Notice:  Undefined variable: firstname in /Users/jgilfillan/Dropbox2/Dropbox/Georgian/COMP1006/summer_2022/02-course_content/code_files/code_solutions/week_eleven/tuneshare/register.php on line 114
[26-Jul-2022 17:57:52 UTC] PHP Notice:  Undefined variable: lastname in /Users/jgilfillan/Dropbox2/Dropbox/Georgian/COMP1006/summer_2022/02-course_content/code_files/code_solutions/week_eleven/tuneshare/register.php on line 118
[26-Jul-2022 17:57:52 UTC] PHP Notice:  Undefined variable: location in /Users/jgilfillan/Dropbox2/Dropbox/Georgian/COMP1006/summer_2022/02-course_content/code_files/code_solutions/week_eleven/tuneshare/register.php on line 122
[26-Jul-2022 17:57:52 UTC] PHP Notice:  Undefined variable: age in /Users/jgilfillan/Dropbox2/Dropbox/Georgian/COMP1006/summer_2022/02-course_content/code_files/code_solutions/week_eleven/tuneshare/register.php on line 126
[26-Jul-2022 17:57:53 UTC] PHP Notice:  Undefined variable: email in /Users/jgilfillan/Dropbox2/Dropbox/Georgian/COMP1006/summer_2022/02-course_content/code_files/code_solutions/week_eleven/tuneshare/register.php on line 130
[26-Jul-2022 17:57:53 UTC] PHP Notice:  Undefined variable: email in /Users/jgilfillan/Dropbox2/Dropbox/Georgian/COMP1006/summer_2022/02-course_content/code_files/code_solutions/week_eleven/tuneshare/register.php on line 134
[26-Jul-2022 17:57:53 UTC] PHP Notice:  Undefined variable: email in /Users/jgilfillan/Dropbox2/Dropbox/Georgian/COMP1006/summer_2022/02-course_content/code_files/code_solutions/week_eleven/tuneshare/register.php on line 138
[26-Jul-2022 17:57:53 UTC] PHP Notice:  Undefined variable: email in /Users/jgilfillan/Dropbox2/Dropbox/Georgian/COMP1006/summer_2022/02-course_content/code_files/code_solutions/week_eleven/tuneshare/register.php on line 142
[26-Jul-2022 17:57:53 UTC] PHP Notice:  Undefined variable: photo in /Users/jgilfillan/Dropbox2/Dropbox/Georgian/COMP1006/summer_2022/02-course_content/code_files/code_solutions/week_eleven/tuneshare/register.php on line 147
[26-Jul-2022 17:58:58 UTC] PHP Notice:  Undefined variable: userid in /Users/jgilfillan/Dropbox2/Dropbox/Georgian/COMP1006/summer_2022/02-course_content/code_files/code_solutions/week_eleven/tuneshare/register.php on line 111
[26-Jul-2022 17:58:58 UTC] PHP Notice:  Undefined variable: firstname in /Users/jgilfillan/Dropbox2/Dropbox/Georgian/COMP1006/summer_2022/02-course_content/code_files/code_solutions/week_eleven/tuneshare/register.php on line 114
[26-Jul-2022 17:58:58 UTC] PHP Notice:  Undefined variable: lastname in /Users/jgilfillan/Dropbox2/Dropbox/Georgian/COMP1006/summer_2022/02-course_content/code_files/code_solutions/week_eleven/tuneshare/register.php on line 118
[26-Jul-2022 17:58:58 UTC] PHP Notice:  Undefined variable: location in /Users/jgilfillan/Dropbox2/Dropbox/Georgian/COMP1006/summer_2022/02-course_content/code_files/code_solutions/week_eleven/tuneshare/register.php on line 122
[26-Jul-2022 17:58:58 UTC] PHP Notice:  Undefined variable: age in /Users/jgilfillan/Dropbox2/Dropbox/Georgian/COMP1006/summer_2022/02-course_content/code_files/code_solutions/week_eleven/tuneshare/register.php on line 126
[26-Jul-2022 17:58:58 UTC] PHP Notice:  Undefined variable: email in /Users/jgilfillan/Dropbox2/Dropbox/Georgian/COMP1006/summer_2022/02-course_content/code_files/code_solutions/week_eleven/tuneshare/register.php on line 130
[26-Jul-2022 17:58:58 UTC] PHP Notice:  Undefined variable: email in /Users/jgilfillan/Dropbox2/Dropbox/Georgian/COMP1006/summer_2022/02-course_content/code_files/code_solutions/week_eleven/tuneshare/register.php on line 134
[26-Jul-2022 17:58:58 UTC] PHP Notice:  Undefined variable: email in /Users/jgilfillan/Dropbox2/Dropbox/Georgian/COMP1006/summer_2022/02-course_content/code_files/code_solutions/week_eleven/tuneshare/register.php on line 138
[26-Jul-2022 17:58:58 UTC] PHP Notice:  Undefined variable: email in /Users/jgilfillan/Dropbox2/Dropbox/Georgian/COMP1006/summer_2022/02-course_content/code_files/code_solutions/week_eleven/tuneshare/register.php on line 142
[26-Jul-2022 17:58:58 UTC] PHP Notice:  Undefined variable: photo in /Users/jgilfillan/Dropbox2/Dropbox/Georgian/COMP1006/summer_2022/02-course_content/code_files/code_solutions/week_eleven/tuneshare/register.php on line 147
[26-Jul-2022 17:59:00 UTC] PHP Notice:  Undefined variable: userid in /Users/jgilfillan/Dropbox2/Dropbox/Georgian/COMP1006/summer_2022/02-course_content/code_files/code_solutions/week_eleven/tuneshare/register.php on line 111
[26-Jul-2022 17:59:00 UTC] PHP Notice:  Undefined variable: firstname in /Users/jgilfillan/Dropbox2/Dropbox/Georgian/COMP1006/summer_2022/02-course_content/code_files/code_solutions/week_eleven/tuneshare/register.php on line 114
[26-Jul-2022 17:59:00 UTC] PHP Notice:  Undefined variable: lastname in /Users/jgilfillan/Dropbox2/Dropbox/Georgian/COMP1006/summer_2022/02-course_content/code_files/code_solutions/week_eleven/tuneshare/register.php on line 118
[26-Jul-2022 17:59:00 UTC] PHP Notice:  Undefined variable: location in /Users/jgilfillan/Dropbox2/Dropbox/Georgian/COMP1006/summer_2022/02-course_content/code_files/code_solutions/week_eleven/tuneshare/register.php on line 122
[26-Jul-2022 17:59:00 UTC] PHP Notice:  Undefined variable: age in /Users/jgilfillan/Dropbox2/Dropbox/Georgian/COMP1006/summer_2022/02-course_content/code_files/code_solutions/week_eleven/tuneshare/register.php on line 126
[26-Jul-2022 17:59:00 UTC] PHP Notice:  Undefined variable: email in /Users/jgilfillan/Dropbox2/Dropbox/Georgian/COMP1006/summer_2022/02-course_content/code_files/code_solutions/week_eleven/tuneshare/register.php on line 130
[26-Jul-2022 17:59:00 UTC] PHP Notice:  Undefined variable: email in /Users/jgilfillan/Dropbox2/Dropbox/Georgian/COMP1006/summer_2022/02-course_content/code_files/code_solutions/week_eleven/tuneshare/register.php on line 134
[26-Jul-2022 17:59:00 UTC] PHP Notice:  Undefined variable: email in /Users/jgilfillan/Dropbox2/Dropbox/Georgian/COMP1006/summer_2022/02-course_content/code_files/code_solutions/week_eleven/tuneshare/register.php on line 138
[26-Jul-2022 17:59:00 UTC] PHP Notice:  Undefined variable: email in /Users/jgilfillan/Dropbox2/Dropbox/Georgian/COMP1006/summer_2022/02-course_content/code_files/code_solutions/week_eleven/tuneshare/register.php on line 142
[26-Jul-2022 17:59:00 UTC] PHP Notice:  Undefined variable: photo in /Users/jgilfillan/Dropbox2/Dropbox/Georgian/COMP1006/summer_2022/02-course_content/code_files/code_solutions/week_eleven/tuneshare/register.php on line 147
[26-Jul-2022 18:01:19 UTC] PHP Notice:  Undefined variable: userid in /Users/jgilfillan/Dropbox2/Dropbox/Georgian/COMP1006/summer_2022/02-course_content/code_files/code_solutions/week_eleven/tuneshare/register.php on line 111
[26-Jul-2022 18:01:19 UTC] PHP Notice:  Undefined variable: firstname in /Users/jgilfillan/Dropbox2/Dropbox/Georgian/COMP1006/summer_2022/02-course_content/code_files/code_solutions/week_eleven/tuneshare/register.php on line 114
[26-Jul-2022 18:01:19 UTC] PHP Notice:  Undefined variable: lastname in /Users/jgilfillan/Dropbox2/Dropbox/Georgian/COMP1006/summer_2022/02-course_content/code_files/code_solutions/week_eleven/tuneshare/register.php on line 118
[26-Jul-2022 18:01:19 UTC] PHP Notice:  Undefined variable: location in /Users/jgilfillan/Dropbox2/Dropbox/Georgian/COMP1006/summer_2022/02-course_content/code_files/code_solutions/week_eleven/tuneshare/register.php on line 122
[26-Jul-2022 18:01:19 UTC] PHP Notice:  Undefined variable: age in /Users/jgilfillan/Dropbox2/Dropbox/Georgian/COMP1006/summer_2022/02-course_content/code_files/code_solutions/week_eleven/tuneshare/register.php on line 126
[26-Jul-2022 18:01:19 UTC] PHP Notice:  Undefined variable: email in /Users/jgilfillan/Dropbox2/Dropbox/Georgian/COMP1006/summer_2022/02-course_content/code_files/code_solutions/week_eleven/tuneshare/register.php on line 130
[26-Jul-2022 18:01:19 UTC] PHP Notice:  Undefined variable: email in /Users/jgilfillan/Dropbox2/Dropbox/Georgian/COMP1006/summer_2022/02-course_content/code_files/code_solutions/week_eleven/tuneshare/register.php on line 134
[26-Jul-2022 18:01:19 UTC] PHP Notice:  Undefined variable: email in /Users/jgilfillan/Dropbox2/Dropbox/Georgian/COMP1006/summer_2022/02-course_content/code_files/code_solutions/week_eleven/tuneshare/register.php on line 138
[26-Jul-2022 18:01:19 UTC] PHP Notice:  Undefined variable: email in /Users/jgilfillan/Dropbox2/Dropbox/Georgian/COMP1006/summer_2022/02-course_content/code_files/code_solutions/week_eleven/tuneshare/register.php on line 142
[26-Jul-2022 18:01:19 UTC] PHP Notice:  Undefined variable: photo in /Users/jgilfillan/Dropbox2/Dropbox/Georgian/COMP1006/summer_2022/02-course_content/code_files/code_solutions/week_eleven/tuneshare/register.php on line 147
[26-Jul-2022 18:01:21 UTC] PHP Notice:  Undefined variable: userid in /Users/jgilfillan/Dropbox2/Dropbox/Georgian/COMP1006/summer_2022/02-course_content/code_files/code_solutions/week_eleven/tuneshare/register.php on line 111
[26-Jul-2022 18:01:21 UTC] PHP Notice:  Undefined variable: firstname in /Users/jgilfillan/Dropbox2/Dropbox/Georgian/COMP1006/summer_2022/02-course_content/code_files/code_solutions/week_eleven/tuneshare/register.php on line 114
[26-Jul-2022 18:01:21 UTC] PHP Notice:  Undefined variable: lastname in /Users/jgilfillan/Dropbox2/Dropbox/Georgian/COMP1006/summer_2022/02-course_content/code_files/code_solutions/week_eleven/tuneshare/register.php on line 118
[26-Jul-2022 18:01:21 UTC] PHP Notice:  Undefined variable: location in /Users/jgilfillan/Dropbox2/Dropbox/Georgian/COMP1006/summer_2022/02-course_content/code_files/code_solutions/week_eleven/tuneshare/register.php on line 122
[26-Jul-2022 18:01:21 UTC] PHP Notice:  Undefined variable: age in /Users/jgilfillan/Dropbox2/Dropbox/Georgian/COMP1006/summer_2022/02-course_content/code_files/code_solutions/week_eleven/tuneshare/register.php on line 126
[26-Jul-2022 18:01:21 UTC] PHP Notice:  Undefined variable: email in /Users/jgilfillan/Dropbox2/Dropbox/Georgian/COMP1006/summer_2022/02-course_content/code_files/code_solutions/week_eleven/tuneshare/register.php on line 130
[26-Jul-2022 18:01:21 UTC] PHP Notice:  Undefined variable: email in /Users/jgilfillan/Dropbox2/Dropbox/Georgian/COMP1006/summer_2022/02-course_content/code_files/code_solutions/week_eleven/tuneshare/register.php on line 134
[26-Jul-2022 18:01:21 UTC] PHP Notice:  Undefined variable: email in /Users/jgilfillan/Dropbox2/Dropbox/Georgian/COMP1006/summer_2022/02-course_content/code_files/code_solutions/week_eleven/tuneshare/register.php on line 138
[26-Jul-2022 18:01:21 UTC] PHP Notice:  Undefined variable: email in /Users/jgilfillan/Dropbox2/Dropbox/Georgian/COMP1006/summer_2022/02-course_content/code_files/code_solutions/week_eleven/tuneshare/register.php on line 142
[26-Jul-2022 18:01:21 UTC] PHP Notice:  Undefined variable: photo in /Users/jgilfillan/Dropbox2/Dropbox/Georgian/COMP1006/summer_2022/02-course_content/code_files/code_solutions/week_eleven/tuneshare/register.php on line 147
[27-Jul-2022 14:47:07 UTC] PHP Notice:  Undefined variable: statement in /Users/jgilfillan/Dropbox2/Dropbox/Georgian/COMP1006/summer_2022/02-course_content/code_files/code_examples/CodeExamples_COMP1006_Summer2022/week_eleven/tuneshare/playlist.php on line 53
[27-Jul-2022 14:47:07 UTC] PHP Fatal error:  Uncaught ParseError: syntax error, unexpected '<', expecting end of file in /Users/jgilfillan/Dropbox2/Dropbox/Georgian/COMP1006/summer_2022/02-course_content/code_files/code_examples/CodeExamples_COMP1006_Summer2022/week_eleven/tuneshare/connect.php:3
Stack trace:
#0 {main}

Next Error: Call to a member function closeCursor() on null in /Users/jgilfillan/Dropbox2/Dropbox/Georgian/COMP1006/summer_2022/02-course_content/code_files/code_examples/CodeExamples_COMP1006_Summer2022/week_eleven/tuneshare/playlist.php:53
Stack trace:
#0 {main}
  thrown in /Users/jgilfillan/Dropbox2/Dropbox/Georgian/COMP1006/summer_2022/02-course_content/code_files/code_examples/CodeExamples_COMP1006_Summer2022/week_eleven/tuneshare/playlist.php on line 53
[27-Jul-2022 14:47:15 UTC] PHP Notice:  Undefined variable: statement in /Users/jgilfillan/Dropbox2/Dropbox/Georgian/COMP1006/summer_2022/02-course_content/code_files/code_examples/CodeExamples_COMP1006_Summer2022/week_eleven/tuneshare/playlist.php on line 53
[27-Jul-2022 14:47:15 UTC] PHP Fatal error:  Uncaught ParseError: syntax error, unexpected '<', expecting end of file in /Users/jgilfillan/Dropbox2/Dropbox/Georgian/COMP1006/summer_2022/02-course_content/code_files/code_examples/CodeExamples_COMP1006_Summer2022/week_eleven/tuneshare/connect.php:3
Stack trace:
#0 {main}

Next Error: Call to a member function closeCursor() on null in /Users/jgilfillan/Dropbox2/Dropbox/Georgian/COMP1006/summer_2022/02-course_content/code_files/code_examples/CodeExamples_COMP1006_Summer2022/week_eleven/tuneshare/playlist.php:53
Stack trace:
#0 {main}
  thrown in /Users/jgilfillan/Dropbox2/Dropbox/Georgian/COMP1006/summer_2022/02-course_content/code_files/code_examples/CodeExamples_COMP1006_Summer2022/week_eleven/tuneshare/playlist.php on line 53
[27-Jul-2022 14:49:30 UTC] PHP Notice:  Undefined variable: statement in /Users/jgilfillan/Dropbox2/Dropbox/Georgian/COMP1006/summer_2022/02-course_content/code_files/code_examples/CodeExamples_COMP1006_Summer2022/week_eleven/tuneshare/playlist.php on line 54
[27-Jul-2022 14:49:30 UTC] PHP Fatal error:  Uncaught ParseError: syntax error, unexpected '<', expecting end of file in /Users/jgilfillan/Dropbox2/Dropbox/Georgian/COMP1006/summer_2022/02-course_content/code_files/code_examples/CodeExamples_COMP1006_Summer2022/week_eleven/tuneshare/connect.php:3
Stack trace:
#0 {main}

Next Error: Call to a member function closeCursor() on null in /Users/jgilfillan/Dropbox2/Dropbox/Georgian/COMP1006/summer_2022/02-course_content/code_files/code_examples/CodeExamples_COMP1006_Summer2022/week_eleven/tuneshare/playlist.php:54
Stack trace:
#0 {main}
  thrown in /Users/jgilfillan/Dropbox2/Dropbox/Georgian/COMP1006/summer_2022/02-course_content/code_files/code_examples/CodeExamples_COMP1006_Summer2022/week_eleven/tuneshare/playlist.php on line 54
[27-Jul-2022 14:49:34 UTC] PHP Notice:  Undefined variable: statement in /Users/jgilfillan/Dropbox2/Dropbox/Georgian/COMP1006/summer_2022/02-course_content/code_files/code_examples/CodeExamples_COMP1006_Summer2022/week_eleven/tuneshare/playlist.php on line 54
[27-Jul-2022 14:49:34 UTC] PHP Fatal error:  Uncaught ParseError: syntax error, unexpected '<', expecting end of file in /Users/jgilfillan/Dropbox2/Dropbox/Georgian/COMP1006/summer_2022/02-course_content/code_files/code_examples/CodeExamples_COMP1006_Summer2022/week_eleven/tuneshare/connect.php:3
Stack trace:
#0 {main}

Next Error: Call to a member function closeCursor() on null in /Users/jgilfillan/Dropbox2/Dropbox/Georgian/COMP1006/summer_2022/02-course_content/code_files/code_examples/CodeExamples_COMP1006_Summer2022/week_eleven/tuneshare/playlist.php:54
Stack trace:
#0 {main}
  thrown in /Users/jgilfillan/Dropbox2/Dropbox/Georgian/COMP1006/summer_2022/02-course_content/code_files/code_examples/CodeExamples_COMP1006_Summer2022/week_eleven/tuneshare/playlist.php on line 54
[27-Jul-2022 14:50:46 UTC] PHP Notice:  Undefined variable: db in /Users/jgilfillan/Dropbox2/Dropbox/Georgian/COMP1006/summer_2022/02-course_content/code_files/code_examples/CodeExamples_COMP1006_Summer2022/week_eleven/tuneshare/search_results.php on line 11
[27-Jul-2022 14:50:46 UTC] PHP Fatal error:  Uncaught Error: Call to a member function prepare() on null in /Users/jgilfillan/Dropbox2/Dropbox/Georgian/COMP1006/summer_2022/02-course_content/code_files/code_examples/CodeExamples_COMP1006_Summer2022/week_eleven/tuneshare/search_results.php:11
Stack trace:
#0 {main}
  thrown in /Users/jgilfillan/Dropbox2/Dropbox/Georgian/COMP1006/summer_2022/02-course_content/code_files/code_examples/CodeExamples_COMP1006_Summer2022/week_eleven/tuneshare/search_results.php on line 11
[27-Jul-2022 14:51:40 UTC] PHP Notice:  Undefined variable: db in /Users/jgilfillan/Dropbox2/Dropbox/Georgian/COMP1006/summer_2022/02-course_content/code_files/code_examples/CodeExamples_COMP1006_Summer2022/week_eleven/tuneshare/search_results.php on line 11
[27-Jul-2022 14:51:40 UTC] PHP Fatal error:  Uncaught Error: Call to a member function prepare() on null in /Users/jgilfillan/Dropbox2/Dropbox/Georgian/COMP1006/summer_2022/02-course_content/code_files/code_examples/CodeExamples_COMP1006_Summer2022/week_eleven/tuneshare/search_results.php:11
Stack trace:
#0 {main}
  thrown in /Users/jgilfillan/Dropbox2/Dropbox/Georgian/COMP1006/summer_2022/02-course_content/code_files/code_examples/CodeExamples_COMP1006_Summer2022/week_eleven/tuneshare/search_results.php on line 11
[27-Jul-2022 17:43:15 UTC] PHP Fatal error:  Uncaught PDOException: SQLSTATE[42000]: Syntax error or access violation: 1064 You have an error in your SQL syntax; check the manual that corresponds to your MySQL server version for the right syntax to use near '' at line 1 in /Users/jgilfillan/Dropbox2/Dropbox/Georgian/COMP1006/summer_2022/02-course_content/code_files/code_examples/CodeExamples_COMP1006_Summer2022/week_eleven/tuneshare/search_results.php:41
Stack trace:
#0 /Users/jgilfillan/Dropbox2/Dropbox/Georgian/COMP1006/summer_2022/02-course_content/code_files/code_examples/CodeExamples_COMP1006_Summer2022/week_eleven/tuneshare/search_results.php(41): PDOStatement->execute()
#1 {main}
  thrown in /Users/jgilfillan/Dropbox2/Dropbox/Georgian/COMP1006/summer_2022/02-course_content/code_files/code_examples/CodeExamples_COMP1006_Summer2022/week_eleven/tuneshare/search_results.php on line 41
[27-Jul-2022 17:47:59 UTC] PHP Fatal error:  Uncaught PDOException: SQLSTATE[42000]: Syntax error or access violation: 1064 You have an error in your SQL syntax; check the manual that corresponds to your MySQL server version for the right syntax to use near '' at line 1 in /Users/jgilfillan/Dropbox2/Dropbox/Georgian/COMP1006/summer_2022/02-course_content/code_files/code_examples/CodeExamples_COMP1006_Summer2022/week_eleven/tuneshare/search_results.php:38
Stack trace:
#0 /Users/jgilfillan/Dropbox2/Dropbox/Georgian/COMP1006/summer_2022/02-course_content/code_files/code_examples/CodeExamples_COMP1006_Summer2022/week_eleven/tuneshare/search_results.php(38): PDOStatement->execute()
#1 {main}
  thrown in /Users/jgilfillan/Dropbox2/Dropbox/Georgian/COMP1006/summer_2022/02-course_content/code_files/code_examples/CodeExamples_COMP1006_Summer2022/week_eleven/tuneshare/search_results.php on line 38
[27-Jul-2022 17:49:41 UTC] PHP Fatal error:  Uncaught PDOException: SQLSTATE[42000]: Syntax error or access violation: 1064 You have an error in your SQL syntax; check the manual that corresponds to your MySQL server version for the right syntax to use near '' at line 1 in /Users/jgilfillan/Dropbox2/Dropbox/Georgian/COMP1006/summer_2022/02-course_content/code_files/code_examples/CodeExamples_COMP1006_Summer2022/week_eleven/tuneshare/search_results.php:40
Stack trace:
#0 /Users/jgilfillan/Dropbox2/Dropbox/Georgian/COMP1006/summer_2022/02-course_content/code_files/code_examples/CodeExamples_COMP1006_Summer2022/week_eleven/tuneshare/search_results.php(40): PDOStatement->execute()
#1 {main}
  thrown in /Users/jgilfillan/Dropbox2/Dropbox/Georgian/COMP1006/summer_2022/02-course_content/code_files/code_examples/CodeExamples_COMP1006_Summer2022/week_eleven/tuneshare/search_results.php on line 40
[27-Jul-2022 17:53:55 UTC] PHP Fatal error:  Uncaught PDOException: SQLSTATE[42000]: Syntax error or access violation: 1064 You have an error in your SQL syntax; check the manual that corresponds to your MySQL server version for the right syntax to use near '' at line 1 in /Users/jgilfillan/Dropbox2/Dropbox/Georgian/COMP1006/summer_2022/02-course_content/code_files/code_examples/CodeExamples_COMP1006_Summer2022/week_eleven/tuneshare/search_results.php:40
Stack trace:
#0 /Users/jgilfillan/Dropbox2/Dropbox/Georgian/COMP1006/summer_2022/02-course_content/code_files/code_examples/CodeExamples_COMP1006_Summer2022/week_eleven/tuneshare/search_results.php(40): PDOStatement->execute()
#1 {main}
  thrown in /Users/jgilfillan/Dropbox2/Dropbox/Georgian/COMP1006/summer_2022/02-course_content/code_files/code_examples/CodeExamples_COMP1006_Summer2022/week_eleven/tuneshare/search_results.php on line 40
